<?xml version="1.0" encoding="UTF-8"?>
<!-- Generated by org.testng.reporters.JUnitReportReporter -->
<testsuite skipped="0" hostname="Shrikanth-PC" name="com.google.test.GoogleHello" tests="2" failures="0" timestamp="08 Dec 2017 06:24:48 GMT" time="9.220" errors="0">
  <testcase name="begin" time="0.011" classname="com.google.test.GoogleHello"/>
  <testcase name="google" time="9.209" classname="com.google.test.GoogleHello"/>
</testsuite> <!-- com.google.test.GoogleHello -->
